Slope X Sigma: 0.0887978
----------------------------------
Tungsten # 0

Total Size: 0, Non-Proton Size: 0

Segment Vector Size -- Upstream: 3832, Downstream: 109209
Track Vector Size -- Upstream: 3832, Downstream: 3816

Average Distance Square: nan
--------------------------------------------------------------------
Tungsten # 1

Total Size: 17510, Non-Proton Size: 187

Segment Vector Size -- Upstream: 17510, Downstream: 103197
Track Vector Size -- Upstream: 3629, Downstream: 3620

Average Distance Square: 0
--------------------------------------------------------------------
Tungsten # 2

Total Size: 16562, Non-Proton Size: 381

Segment Vector Size -- Upstream: 16562, Downstream: 96924
Track Vector Size -- Upstream: 3434, Downstream: 3422

Average Distance Square: 0
--------------------------------------------------------------------
